build/app/intermediates/manifest_merge_blame_file/debug/manifest-merger-blame-debug-report.txt
1<?xml version="1.0" encoding="utf-8"?>
2<manifest xmlns:android="http://schemas.android.com/apk/res/android"
3    package="com.frooyd.frooydapp"
4    android:versionCode="1"
5    android:versionName="1.0.0" >
6
7    <uses-sdk
8        android:minSdkVersion="26"
9        android:targetSdkVersion="29" />
10    <!--
11         Flutter needs it to communicate with the running application
12         to allow setting breakpoints, to provide hot reload, etc.
13    -->
14    <uses-permission android:name="android.permission.INTERNET" />
14-->src\main\AndroidManifest.xml:8:9-71
14-->src\main\AndroidManifest.xml:8:26-68
15    <uses-permission android:name="android.permission.READ_EXTERNAL_STORAGE" />
15-->src\debug\AndroidManifest.xml:7:5-79
15-->src\debug\AndroidManifest.xml:7:22-77
16    <uses-permission android:name="android.permission.ACCESS_COARSE_LOCATION" />
16-->[:location] AndroidManifest.xml:7:5-81
16-->[:location] AndroidManifest.xml:7:22-78
17    <uses-permission android:name="android.permission.ACCESS_FINE_LOCATION" />
17-->[:location] AndroidManifest.xml:8:5-79
17-->[:location] AndroidManifest.xml:8:22-76
18
19    <queries>
19-->[:file_picker] AndroidManifest.xml:9:5-15:15
20        <intent>
20-->[:file_picker] AndroidManifest.xml:10:9-14:18
21            <action android:name="android.intent.action.GET_CONTENT" />
21-->[:file_picker] AndroidManifest.xml:11:13-72
21-->[:file_picker] AndroidManifest.xml:11:21-69
22
23            <data android:mimeType="*/*" />
23-->[:file_picker] AndroidManifest.xml:13:13-44
23-->[:file_picker] AndroidManifest.xml:13:19-41
24        </intent>
25    </queries>
26
27    <uses-permission android:name="android.permission.WRITE_EXTERNAL_STORAGE" />
27-->[:image_picker] AndroidManifest.xml:8:5-81
27-->[:image_picker] AndroidManifest.xml:8:22-78
28    <uses-permission android:name="com.google.android.providers.gsf.permission.READ_GSERVICES" />
28-->[com.google.firebase:firebase-perf:19.0.9] AndroidManifest.xml:12:5-98
28-->[com.google.firebase:firebase-perf:19.0.9] AndroidManifest.xml:12:22-95
29    <uses-permission android:name="android.permission.ACCESS_NETWORK_STATE" />
29-->[com.google.firebase:firebase-auth:20.0.0] AndroidManifest.xml:24:5-79
29-->[com.google.firebase:firebase-auth:20.0.0] AndroidManifest.xml:24:22-76
30    <uses-permission android:name="android.permission.WAKE_LOCK" />
30-->[com.google.android.gms:play-services-measurement-api:18.0.0] AndroidManifest.xml:24:5-68
30-->[com.google.android.gms:play-services-measurement-api:18.0.0] AndroidManifest.xml:24:22-65
31    <uses-permission android:name="com.google.android.finsky.permission.BIND_GET_INSTALL_REFERRER_SERVICE" />
31-->[com.google.android.gms:play-services-measurement:18.0.0] AndroidManifest.xml:26:5-110
31-->[com.google.android.gms:play-services-measurement:18.0.0] AndroidManifest.xml:26:22-107
32
33    <application
33-->src\main\AndroidManifest.xml:9:5-52:19
34        android:name="io.flutter.app.FlutterApplication"
34-->src\main\AndroidManifest.xml:10:9-57
35        android:appComponentFactory="androidx.core.app.CoreComponentFactory"
35-->[androidx.core:core:1.3.0] AndroidManifest.xml:24:18-86
36        android:debuggable="true"
37        android:extractNativeLibs="false"
38        android:icon="@mipmap/ic_launcher"
38-->src\main\AndroidManifest.xml:12:9-43
39        android:label="frooyd" >
39-->src\main\AndroidManifest.xml:11:9-31
40        <activity
40-->src\main\AndroidManifest.xml:13:9-16:71
41            android:name="com.yalantis.ucrop.UCropActivity"
41-->src\main\AndroidManifest.xml:14:13-60
42            android:screenOrientation="portrait"
42-->src\main\AndroidManifest.xml:15:13-49
43            android:theme="@style/Theme.AppCompat.Light.NoActionBar" />
43-->src\main\AndroidManifest.xml:16:13-69
44        <activity
44-->src\main\AndroidManifest.xml:17:9-45:20
45            android:name="com.frooyd.frooydapp.MainActivity"
45-->src\main\AndroidManifest.xml:18:13-41
46            android:configChanges="orientation|keyboardHidden|keyboard|screenSize|smallestScreenSize|locale|layoutDirection|fontScale|screenLayout|density|uiMode"
46-->src\main\AndroidManifest.xml:21:13-163
47            android:hardwareAccelerated="true"
47-->src\main\AndroidManifest.xml:22:13-47
48            android:launchMode="singleTop"
48-->src\main\AndroidManifest.xml:19:13-43
49            android:theme="@style/LaunchTheme"
49-->src\main\AndroidManifest.xml:20:13-47
50            android:windowSoftInputMode="adjustResize" >
50-->src\main\AndroidManifest.xml:23:13-55
51
52            <!--
53                 Specifies an Android theme to apply to this Activity as soon as
54                 the Android process has started. This theme is visible to the user
55                 while the Flutter UI initializes. After that, this theme continues
56                 to determine the Window background behind the Flutter UI.
57            -->
58            <meta-data
58-->src\main\AndroidManifest.xml:28:13-31:17
59                android:name="io.flutter.embedding.android.NormalTheme"
59-->src\main\AndroidManifest.xml:29:15-70
60                android:resource="@style/NormalTheme" />
60-->src\main\AndroidManifest.xml:30:15-52
61            <!--
62                 Displays an Android View that continues showing the launch screen
63                 Drawable until Flutter paints its first frame, then this splash
64                 screen fades out. A splash screen is useful to avoid any visual
65                 gap between the end of Android's launch screen and the painting of
66                 Flutter's first frame.
67            -->
68            <meta-data
68-->src\main\AndroidManifest.xml:37:13-40:17
69                android:name="io.flutter.embedding.android.SplashScreenDrawable"
69-->src\main\AndroidManifest.xml:38:15-79
70                android:resource="@drawable/launch_background" />
70-->src\main\AndroidManifest.xml:39:15-61
71
72            <intent-filter>
72-->src\main\AndroidManifest.xml:41:13-44:29
73                <action android:name="android.intent.action.MAIN" />
73-->src\main\AndroidManifest.xml:42:17-68
73-->src\main\AndroidManifest.xml:42:25-66
74
75                <category android:name="android.intent.category.LAUNCHER" />
75-->src\main\AndroidManifest.xml:43:17-76
75-->src\main\AndroidManifest.xml:43:27-74
76            </intent-filter>
77        </activity>
78
79        <!--
80             Don't delete the meta-data below.
81             This is used by the Flutter tool to generate GeneratedPluginRegistrant.java
82        -->
83        <meta-data
83-->src\main\AndroidManifest.xml:49:9-51:33
84            android:name="flutterEmbedding"
84-->src\main\AndroidManifest.xml:50:13-44
85            android:value="2" />
85-->src\main\AndroidManifest.xml:51:13-30
86
87        <provider
87-->[:image_picker] AndroidManifest.xml:11:9-19:20
88            android:name="io.flutter.plugins.imagepicker.ImagePickerFileProvider"
88-->[:image_picker] AndroidManifest.xml:12:13-82
89            android:authorities="com.frooyd.frooydapp.flutter.image_provider"
89-->[:image_picker] AndroidManifest.xml:13:13-74
90            android:exported="false"
90-->[:image_picker] AndroidManifest.xml:14:13-37
91            android:grantUriPermissions="true" >
91-->[:image_picker] AndroidManifest.xml:15:13-47
92            <meta-data
92-->[:image_picker] AndroidManifest.xml:16:13-18:75
93                android:name="android.support.FILE_PROVIDER_PATHS"
93-->[:image_picker] AndroidManifest.xml:17:17-67
94                android:resource="@xml/flutter_image_picker_file_paths" />
94-->[:image_picker] AndroidManifest.xml:18:17-72
95        </provider>
96
97        <service
97-->[:cloud_firestore] AndroidManifest.xml:8:9-12:19
98            android:name="com.google.firebase.components.ComponentDiscoveryService"
98-->[:cloud_firestore] AndroidManifest.xml:8:18-89
99            android:directBootAware="true"
99-->[com.google.firebase:firebase-common:19.3.1] AndroidManifest.xml:35:13-43
100            android:exported="false" >
100-->[com.google.firebase:firebase-perf:19.0.9] AndroidManifest.xml:23:13-37
101            <meta-data
101-->[:cloud_firestore] AndroidManifest.xml:9:13-11:85
102                android:name="com.google.firebase.components:io.flutter.plugins.firebase.cloudfirestore.FlutterFirebaseAppRegistrar"
102-->[:cloud_firestore] AndroidManifest.xml:10:17-133
103                android:value="com.google.firebase.components.ComponentRegistrar" />
103-->[:cloud_firestore] AndroidManifest.xml:11:17-82
104            <meta-data
104-->[:firebase_auth] AndroidManifest.xml:9:13-11:85
105                android:name="com.google.firebase.components:io.flutter.plugins.firebaseauth.FlutterFirebaseAppRegistrar"
105-->[:firebase_auth] AndroidManifest.xml:10:17-122
106                android:value="com.google.firebase.components.ComponentRegistrar" />
106-->[:firebase_auth] AndroidManifest.xml:11:17-82
107            <meta-data
107-->[:firebase_database] AndroidManifest.xml:9:13-11:85
108                android:name="com.google.firebase.components:io.flutter.plugins.firebase.database.FlutterFirebaseAppRegistrar"
108-->[:firebase_database] AndroidManifest.xml:10:17-127
109                android:value="com.google.firebase.components.ComponentRegistrar" />
109-->[:firebase_database] AndroidManifest.xml:11:17-82
110            <meta-data
110-->[:firebase_storage] AndroidManifest.xml:9:13-11:85
111                android:name="com.google.firebase.components:io.flutter.plugins.firebase.storage.FlutterFirebaseAppRegistrar"
111-->[:firebase_storage] AndroidManifest.xml:10:17-126
112                android:value="com.google.firebase.components.ComponentRegistrar" />
112-->[:firebase_storage] AndroidManifest.xml:11:17-82
113            <meta-data
113-->[:firebase_core] AndroidManifest.xml:9:13-11:85
114                android:name="com.google.firebase.components:io.flutter.plugins.firebase.core.FlutterFirebaseAppRegistrar"
114-->[:firebase_core] AndroidManifest.xml:10:17-123
115                android:value="com.google.firebase.components.ComponentRegistrar" />
115-->[:firebase_core] AndroidManifest.xml:11:17-82
116            <meta-data
116-->[:firebase_dynamic_links] AndroidManifest.xml:11:13-13:85
117                android:name="com.google.firebase.components:io.flutter.plugins.firebasedynamiclinks.FlutterFirebaseAppRegistrar"
117-->[:firebase_dynamic_links] AndroidManifest.xml:12:17-130
118                android:value="com.google.firebase.components.ComponentRegistrar" />
118-->[:firebase_dynamic_links] AndroidManifest.xml:13:17-82
119            <meta-data
119-->[com.google.firebase:firebase-perf:19.0.9] AndroidManifest.xml:24:13-26:85
120                android:name="com.google.firebase.components:com.google.firebase.perf.FirebasePerfRegistrar"
120-->[com.google.firebase:firebase-perf:19.0.9] AndroidManifest.xml:25:17-109
121                android:value="com.google.firebase.components.ComponentRegistrar" />
121-->[com.google.firebase:firebase-perf:19.0.9] AndroidManifest.xml:26:17-82
122            <meta-data
122-->[com.google.firebase:firebase-auth:20.0.0] AndroidManifest.xml:85:13-87:85
123                android:name="com.google.firebase.components:com.google.firebase.auth.FirebaseAuthRegistrar"
123-->[com.google.firebase:firebase-auth:20.0.0] AndroidManifest.xml:86:17-109
124                android:value="com.google.firebase.components.ComponentRegistrar" />
124-->[com.google.firebase:firebase-auth:20.0.0] AndroidManifest.xml:87:17-82
125            <meta-data
125-->[com.google.firebase:firebase-firestore:22.0.0] AndroidManifest.xml:20:13-22:85
126                android:name="com.google.firebase.components:com.google.firebase.firestore.FirestoreRegistrar"
126-->[com.google.firebase:firebase-firestore:22.0.0] AndroidManifest.xml:21:17-111
127                android:value="com.google.firebase.components.ComponentRegistrar" />
127-->[com.google.firebase:firebase-firestore:22.0.0] AndroidManifest.xml:22:17-82
128            <meta-data
128-->[com.google.firebase:firebase-config:20.0.0] AndroidManifest.xml:32:13-34:85
129                android:name="com.google.firebase.components:com.google.firebase.remoteconfig.RemoteConfigRegistrar"
129-->[com.google.firebase:firebase-config:20.0.0] AndroidManifest.xml:33:17-117
130                android:value="com.google.firebase.components.ComponentRegistrar" />
130-->[com.google.firebase:firebase-config:20.0.0] AndroidManifest.xml:34:17-82
131            <meta-data
131-->[com.google.firebase:firebase-dynamic-links:19.1.1] AndroidManifest.xml:11:13-13:85
132                android:name="com.google.firebase.components:com.google.firebase.dynamiclinks.internal.FirebaseDynamicLinkRegistrar"
132-->[com.google.firebase:firebase-dynamic-links:19.1.1] AndroidManifest.xml:12:17-133
133                android:value="com.google.firebase.components.ComponentRegistrar" />
133-->[com.google.firebase:firebase-dynamic-links:19.1.1] AndroidManifest.xml:13:17-82
134            <meta-data
134-->[com.google.firebase:firebase-storage:19.2.0] AndroidManifest.xml:33:13-35:85
135                android:name="com.google.firebase.components:com.google.firebase.storage.StorageRegistrar"
135-->[com.google.firebase:firebase-storage:19.2.0] AndroidManifest.xml:34:17-107
136                android:value="com.google.firebase.components.ComponentRegistrar" />
136-->[com.google.firebase:firebase-storage:19.2.0] AndroidManifest.xml:35:17-82
137            <meta-data
137-->[com.google.firebase:firebase-database:19.5.1] AndroidManifest.xml:32:13-34:85
138                android:name="com.google.firebase.components:com.google.firebase.database.DatabaseRegistrar"
138-->[com.google.firebase:firebase-database:19.5.1] AndroidManifest.xml:33:17-109
139                android:value="com.google.firebase.components.ComponentRegistrar" />
139-->[com.google.firebase:firebase-database:19.5.1] AndroidManifest.xml:34:17-82
140            <meta-data
140-->[com.google.android.gms:play-services-measurement-api:18.0.0] AndroidManifest.xml:30:13-32:85
141                android:name="com.google.firebase.components:com.google.firebase.analytics.connector.internal.AnalyticsConnectorRegistrar"
141-->[com.google.android.gms:play-services-measurement-api:18.0.0] AndroidManifest.xml:31:17-139
142                android:value="com.google.firebase.components.ComponentRegistrar" />
142-->[com.google.android.gms:play-services-measurement-api:18.0.0] AndroidManifest.xml:32:17-82
143            <meta-data
143-->[com.google.firebase:firebase-installations:16.3.3] AndroidManifest.xml:17:13-19:85
144                android:name="com.google.firebase.components:com.google.firebase.installations.FirebaseInstallationsRegistrar"
144-->[com.google.firebase:firebase-installations:16.3.3] AndroidManifest.xml:18:17-127
145                android:value="com.google.firebase.components.ComponentRegistrar" />
145-->[com.google.firebase:firebase-installations:16.3.3] AndroidManifest.xml:19:17-82
146            <meta-data
146-->[com.google.firebase:firebase-abt:20.0.0] AndroidManifest.xml:13:13-15:85
147                android:name="com.google.firebase.components:com.google.firebase.abt.component.AbtRegistrar"
147-->[com.google.firebase:firebase-abt:20.0.0] AndroidManifest.xml:14:17-109
148                android:value="com.google.firebase.components.ComponentRegistrar" />
148-->[com.google.firebase:firebase-abt:20.0.0] AndroidManifest.xml:15:17-82
149        </service>
150
151        <provider
151-->[com.google.firebase:firebase-perf:19.0.9] AndroidManifest.xml:15:9-19:39
152            android:name="com.google.firebase.perf.provider.FirebasePerfProvider"
152-->[com.google.firebase:firebase-perf:19.0.9] AndroidManifest.xml:16:13-82
153            android:authorities="com.frooyd.frooydapp.firebaseperfprovider"
153-->[com.google.firebase:firebase-perf:19.0.9] AndroidManifest.xml:17:13-72
154            android:exported="false"
154-->[com.google.firebase:firebase-perf:19.0.9] AndroidManifest.xml:18:13-37
155            android:initOrder="101" />
155-->[com.google.firebase:firebase-perf:19.0.9] AndroidManifest.xml:19:13-36
156
157        <activity
157-->[com.google.firebase:firebase-auth:20.0.0] AndroidManifest.xml:27:9-34:50
158            android:name="com.google.firebase.auth.internal.FederatedSignInActivity"
158-->[com.google.firebase:firebase-auth:20.0.0] AndroidManifest.xml:28:13-85
159            android:excludeFromRecents="true"
159-->[com.google.firebase:firebase-auth:20.0.0] AndroidManifest.xml:29:13-46
160            android:exported="true"
160-->[com.google.firebase:firebase-auth:20.0.0] AndroidManifest.xml:30:13-36
161            android:launchMode="singleTask"
161-->[com.google.firebase:firebase-auth:20.0.0] AndroidManifest.xml:31:13-44
162            android:permission="com.google.firebase.auth.api.gms.permission.LAUNCH_FEDERATED_SIGN_IN"
162-->[com.google.firebase:firebase-auth:20.0.0] AndroidManifest.xml:32:13-102
163            android:theme="@android:style/Theme.Translucent.NoTitleBar" />
163-->[com.google.firebase:firebase-auth:20.0.0] AndroidManifest.xml:33:13-72
164        <activity
164-->[com.google.firebase:firebase-auth:20.0.0] AndroidManifest.xml:35:9-52:20
165            android:name="com.google.firebase.auth.internal.GenericIdpActivity"
165-->[com.google.firebase:firebase-auth:20.0.0] AndroidManifest.xml:36:13-80
166            android:excludeFromRecents="true"
166-->[com.google.firebase:firebase-auth:20.0.0] AndroidManifest.xml:37:13-46
167            android:exported="true"
167-->[com.google.firebase:firebase-auth:20.0.0] AndroidManifest.xml:38:13-36
168            android:launchMode="singleTask"
168-->[com.google.firebase:firebase-auth:20.0.0] AndroidManifest.xml:39:13-44
169            android:theme="@android:style/Theme.Translucent.NoTitleBar" >
169-->[com.google.firebase:firebase-auth:20.0.0] AndroidManifest.xml:40:13-72
170            <intent-filter>
170-->[com.google.firebase:firebase-auth:20.0.0] AndroidManifest.xml:41:13-51:29
171                <action android:name="android.intent.action.VIEW" />
171-->[com.google.firebase:firebase-auth:20.0.0] AndroidManifest.xml:42:17-69
171-->[com.google.firebase:firebase-auth:20.0.0] AndroidManifest.xml:42:25-66
172
173                <category android:name="android.intent.category.DEFAULT" />
173-->[com.google.firebase:firebase-auth:20.0.0] AndroidManifest.xml:44:17-76
173-->[com.google.firebase:firebase-auth:20.0.0] AndroidManifest.xml:44:27-73
174                <category android:name="android.intent.category.BROWSABLE" />
174-->[com.google.firebase:firebase-auth:20.0.0] AndroidManifest.xml:45:17-78
174-->[com.google.firebase:firebase-auth:20.0.0] AndroidManifest.xml:45:27-75
175
176                <data
176-->[:file_picker] AndroidManifest.xml:13:13-44
177                    android:host="firebase.auth"
178                    android:path="/"
179                    android:scheme="genericidp" />
180            </intent-filter>
181        </activity>
182        <activity
182-->[com.google.firebase:firebase-auth:20.0.0] AndroidManifest.xml:53:9-70:20
183            android:name="com.google.firebase.auth.internal.RecaptchaActivity"
183-->[com.google.firebase:firebase-auth:20.0.0] AndroidManifest.xml:54:13-79
184            android:excludeFromRecents="true"
184-->[com.google.firebase:firebase-auth:20.0.0] AndroidManifest.xml:55:13-46
185            android:exported="true"
185-->[com.google.firebase:firebase-auth:20.0.0] AndroidManifest.xml:56:13-36
186            android:launchMode="singleTask"
186-->[com.google.firebase:firebase-auth:20.0.0] AndroidManifest.xml:57:13-44
187            android:theme="@android:style/Theme.Translucent.NoTitleBar" >
187-->[com.google.firebase:firebase-auth:20.0.0] AndroidManifest.xml:58:13-72
188            <intent-filter>
188-->[com.google.firebase:firebase-auth:20.0.0] AndroidManifest.xml:59:13-69:29
189                <action android:name="android.intent.action.VIEW" />
189-->[com.google.firebase:firebase-auth:20.0.0] AndroidManifest.xml:42:17-69
189-->[com.google.firebase:firebase-auth:20.0.0] AndroidManifest.xml:42:25-66
190
191                <category android:name="android.intent.category.DEFAULT" />
191-->[com.google.firebase:firebase-auth:20.0.0] AndroidManifest.xml:44:17-76
191-->[com.google.firebase:firebase-auth:20.0.0] AndroidManifest.xml:44:27-73
192                <category android:name="android.intent.category.BROWSABLE" />
192-->[com.google.firebase:firebase-auth:20.0.0] AndroidManifest.xml:45:17-78
192-->[com.google.firebase:firebase-auth:20.0.0] AndroidManifest.xml:45:27-75
193
194                <data
194-->[:file_picker] AndroidManifest.xml:13:13-44
195                    android:host="firebase.auth"
196                    android:path="/"
197                    android:scheme="recaptcha" />
198            </intent-filter>
199        </activity>
200
201        <service
201-->[com.google.firebase:firebase-auth:20.0.0] AndroidManifest.xml:72:9-81:19
202            android:name="com.google.firebase.auth.api.fallback.service.FirebaseAuthFallbackService"
202-->[com.google.firebase:firebase-auth:20.0.0] AndroidManifest.xml:73:13-101
203            android:enabled="true"
203-->[com.google.firebase:firebase-auth:20.0.0] AndroidManifest.xml:74:13-35
204            android:exported="false" >
204-->[com.google.firebase:firebase-auth:20.0.0] AndroidManifest.xml:75:13-37
205            <intent-filter>
205-->[com.google.firebase:firebase-auth:20.0.0] AndroidManifest.xml:76:13-80:29
206                <action android:name="com.google.firebase.auth.api.gms.service.START" />
206-->[com.google.firebase:firebase-auth:20.0.0] AndroidManifest.xml:77:17-89
206-->[com.google.firebase:firebase-auth:20.0.0] AndroidManifest.xml:77:25-86
207
208                <category android:name="android.intent.category.DEFAULT" />
208-->[com.google.firebase:firebase-auth:20.0.0] AndroidManifest.xml:44:17-76
208-->[com.google.firebase:firebase-auth:20.0.0] AndroidManifest.xml:44:27-73
209            </intent-filter>
210        </service>
211
212        <provider
212-->[com.google.firebase:firebase-common:19.3.1] AndroidManifest.xml:26:9-31:39
213            android:name="com.google.firebase.provider.FirebaseInitProvider"
213-->[com.google.firebase:firebase-common:19.3.1] AndroidManifest.xml:27:13-77
214            android:authorities="com.frooyd.frooydapp.firebaseinitprovider"
214-->[com.google.firebase:firebase-common:19.3.1] AndroidManifest.xml:28:13-72
215            android:directBootAware="true"
215-->[com.google.firebase:firebase-common:19.3.1] AndroidManifest.xml:29:13-43
216            android:exported="false"
216-->[com.google.firebase:firebase-common:19.3.1] AndroidManifest.xml:30:13-37
217            android:initOrder="100" />
217-->[com.google.firebase:firebase-common:19.3.1] AndroidManifest.xml:31:13-36
218
219        <activity
219-->[com.google.android.gms:play-services-base:17.3.0] AndroidManifest.xml:23:9-26:75
220            android:name="com.google.android.gms.common.api.GoogleApiActivity"
220-->[com.google.android.gms:play-services-base:17.3.0] AndroidManifest.xml:24:13-79
221            android:exported="false"
221-->[com.google.android.gms:play-services-base:17.3.0] AndroidManifest.xml:25:13-37
222            android:theme="@android:style/Theme.Translucent.NoTitleBar" />
222-->[com.google.android.gms:play-services-base:17.3.0] AndroidManifest.xml:26:13-72
223
224        <receiver
224-->[com.google.android.gms:play-services-measurement:18.0.0] AndroidManifest.xml:29:9-33:20
225            android:name="com.google.android.gms.measurement.AppMeasurementReceiver"
225-->[com.google.android.gms:play-services-measurement:18.0.0] AndroidManifest.xml:30:13-85
226            android:enabled="true"
226-->[com.google.android.gms:play-services-measurement:18.0.0] AndroidManifest.xml:31:13-35
227            android:exported="false" >
227-->[com.google.android.gms:play-services-measurement:18.0.0] AndroidManifest.xml:32:13-37
228        </receiver>
229
230        <service
230-->[com.google.android.gms:play-services-measurement:18.0.0] AndroidManifest.xml:35:9-38:40
231            android:name="com.google.android.gms.measurement.AppMeasurementService"
231-->[com.google.android.gms:play-services-measurement:18.0.0] AndroidManifest.xml:36:13-84
232            android:enabled="true"
232-->[com.google.android.gms:play-services-measurement:18.0.0] AndroidManifest.xml:37:13-35
233            android:exported="false" />
233-->[com.google.android.gms:play-services-measurement:18.0.0] AndroidManifest.xml:38:13-37
234        <service
234-->[com.google.android.gms:play-services-measurement:18.0.0] AndroidManifest.xml:39:9-43:72
235            android:name="com.google.android.gms.measurement.AppMeasurementJobService"
235-->[com.google.android.gms:play-services-measurement:18.0.0] AndroidManifest.xml:40:13-87
236            android:enabled="true"
236-->[com.google.android.gms:play-services-measurement:18.0.0] AndroidManifest.xml:41:13-35
237            android:exported="false"
237-->[com.google.android.gms:play-services-measurement:18.0.0] AndroidManifest.xml:42:13-37
238            android:permission="android.permission.BIND_JOB_SERVICE" />
238-->[com.google.android.gms:play-services-measurement:18.0.0] AndroidManifest.xml:43:13-69
239
240        <meta-data
240-->[com.google.android.gms:play-services-basement:17.3.0] AndroidManifest.xml:23:9-25:69
241            android:name="com.google.android.gms.version"
241-->[com.google.android.gms:play-services-basement:17.3.0] AndroidManifest.xml:24:13-58
242            android:value="@integer/google_play_services_version" />
242-->[com.google.android.gms:play-services-basement:17.3.0] AndroidManifest.xml:25:13-66
243    </application>
244
245</manifest>